<?xml version="1.0" encoding="UTF-8"?>
<testng-results ignored="0" total="1" passed="1" failed="0" skipped="0">
  <reporter-output>
  </reporter-output>
  <suite started-at="2026-02-10T11:41:51 IST" name="Default suite" finished-at="2026-02-10T11:42:01 IST" duration-ms="9817">
    <groups>
    </groups>
    <test started-at="2026-02-10T11:41:51 IST" name="Default test" finished-at="2026-02-10T11:42:01 IST" duration-ms="9817">
      <class name="log4j.Log4jFramework">
        <test-method signature="techlearnlogin()[pri:0, instance:log4j.Log4jFramework@4c402120]" started-at="2026-02-10T11:41:51 IST" name="techlearnlogin" finished-at="2026-02-10T11:42:01 IST" duration-ms="9691" status="PASS">
          <reporter-output>
          </reporter-output>
        </test-method> <!-- techlearnlogin -->
      </class> <!-- log4j.Log4jFramework -->
    </test> <!-- Default test -->
  </suite> <!-- Default suite -->
</testng-results>
