<?xml version="1.0" encoding="UTF-8"?>
<testng-results ignored="0" total="1" passed="1" failed="0" skipped="0">
  <reporter-output>
  </reporter-output>
  <suite started-at="2026-02-12T10:09:51 IST" name="Default suite" finished-at="2026-02-12T10:10:40 IST" duration-ms="49249">
    <groups>
    </groups>
    <test started-at="2026-02-12T10:09:51 IST" name="Default test" finished-at="2026-02-12T10:10:40 IST" duration-ms="49249">
      <class name="Gitdemo.Class1">
        <test-method is-config="true" signature="beforeTest()[pri:0, instance:Gitdemo.Class1@2925bf5b]" started-at="2026-02-12T10:09:51 IST" name="beforeTest" finished-at="2026-02-12T10:09:58 IST" duration-ms="6576" status="PASS">
          <reporter-output>
          </reporter-output>
        </test-method> <!-- beforeTest -->
        <test-method signature="Techlearn()[pri:0, instance:Gitdemo.Class1@2925bf5b]" started-at="2026-02-12T10:09:58 IST" name="Techlearn" finished-at="2026-02-12T10:10:40 IST" duration-ms="42476" status="PASS">
          <reporter-output>
          </reporter-output>
        </test-method> <!-- Techlearn -->
      </class> <!-- Gitdemo.Class1 -->
    </test> <!-- Default test -->
  </suite> <!-- Default suite -->
</testng-results>
