<?xml version="1.0" encoding="UTF-8"?>
<!-- Generated by org.testng.reporters.JUnitReportReporter -->
<testsuite hostname="DESKTOP-NR4TJIH" failures="0" tests="8" name="testng.E_TestNG_Description_Feature" time="17.258" errors="0" timestamp="2026-01-21T09:52:19 IST" skipped="0">
  <testcase classname="testng.E_TestNG_Description_Feature" name="testcase1" time="1.302"/>
  <testcase classname="testng.E_TestNG_Description_Feature" name="testcase6" time="1.279"/>
  <testcase classname="testng.E_TestNG_Description_Feature" name="testcase3" time="1.264"/>
  <testcase classname="testng.E_TestNG_Description_Feature" name="testcase7" time="2.859"/>
  <testcase classname="testng.E_TestNG_Description_Feature" name="testcase4" time="4.561"/>
  <testcase classname="testng.E_TestNG_Description_Feature" name="testcase8" time="2.007"/>
  <testcase classname="testng.E_TestNG_Description_Feature" name="testcase2" time="2.852"/>
  <testcase classname="testng.E_TestNG_Description_Feature" name="testcase5" time="1.134"/>
</testsuite> <!-- testng.E_TestNG_Description_Feature -->
