<?xml version="1.0" encoding="UTF-8"?>
<!-- Generated by org.testng.reporters.JUnitReportReporter -->
<testsuite hostname="DESKTOP-NR4TJIH" failures="0" tests="6" name="testng.B_TestNG_TCs_Execution_Alphabatical_order" time="14.205" errors="0" timestamp="2026-01-16T18:22:21 IST" skipped="0">
  <testcase classname="testng.B_TestNG_TCs_Execution_Alphabatical_order" name="facebook" time="1.309"/>
  <testcase classname="testng.B_TestNG_TCs_Execution_Alphabatical_order" name="swiggy" time="0.182"/>
  <testcase classname="testng.B_TestNG_TCs_Execution_Alphabatical_order" name="zomato" time="1.663"/>
  <testcase classname="testng.B_TestNG_TCs_Execution_Alphabatical_order" name="flipkart" time="2.880"/>
  <testcase classname="testng.B_TestNG_TCs_Execution_Alphabatical_order" name="twitter" time="6.848"/>
  <testcase classname="testng.B_TestNG_TCs_Execution_Alphabatical_order" name="google" time="1.323"/>
</testsuite> <!-- testng.B_TestNG_TCs_Execution_Alphabatical_order -->
