<?xml version="1.0" encoding="UTF-8"?>
<!-- Generated by org.testng.reporters.JUnitReportReporter -->
<testsuite hostname="DESKTOP-NR4TJIH" failures="0" tests="3" name="testng.I_TestNG_TCs_Execution_from_XML_File" time="7.646" errors="0" timestamp="2026-01-21T10:09:33 IST" skipped="0">
  <testcase classname="testng.I_TestNG_TCs_Execution_from_XML_File" name="flipkart" time="2.955"/>
  <testcase classname="testng.I_TestNG_TCs_Execution_from_XML_File" name="redmine" time="3.291"/>
  <testcase classname="testng.I_TestNG_TCs_Execution_from_XML_File" name="facebook" time="1.400"/>
</testsuite> <!-- testng.I_TestNG_TCs_Execution_from_XML_File -->
