<?xml version="1.0" encoding="UTF-8"?>
<!-- Generated by org.testng.reporters.JUnitReportReporter -->
<testsuite hostname="DESKTOP-NR4TJIH" failures="0" tests="12" name="testng.G_TestNG_TCs_Invocation_Count" time="18.763" errors="0" timestamp="2026-01-21T10:00:06 IST" skipped="0">
  <testcase classname="testng.G_TestNG_TCs_Invocation_Count" name="facebook" time="1.494"/>
  <testcase classname="testng.G_TestNG_TCs_Invocation_Count" name="zomato" time="0.267"/>
  <testcase classname="testng.G_TestNG_TCs_Invocation_Count" name="twitter" time="8.170"/>
  <testcase classname="testng.G_TestNG_TCs_Invocation_Count" name="zomato" time="0.343"/>
  <testcase classname="testng.G_TestNG_TCs_Invocation_Count" name="zomato" time="0.668"/>
  <testcase classname="testng.G_TestNG_TCs_Invocation_Count" name="swiggy" time="0.214"/>
  <testcase classname="testng.G_TestNG_TCs_Invocation_Count" name="facebook" time="0.710"/>
  <testcase classname="testng.G_TestNG_TCs_Invocation_Count" name="google" time="1.115"/>
  <testcase classname="testng.G_TestNG_TCs_Invocation_Count" name="flipkart" time="2.662"/>
  <testcase classname="testng.G_TestNG_TCs_Invocation_Count" name="zomato" time="1.833"/>
  <testcase classname="testng.G_TestNG_TCs_Invocation_Count" name="zomato" time="0.476"/>
  <testcase classname="testng.G_TestNG_TCs_Invocation_Count" name="facebook" time="0.811"/>
</testsuite> <!-- testng.G_TestNG_TCs_Invocation_Count -->
